<?xml version="1.0" encoding="UTF-8"?>
<testsuite xmlns:xsi="http://www.w3.org/2001/XMLSchema-instance" xsi:noNamespaceSchemaLocation="https://maven.apache.org/surefire/maven-surefire-plugin/xsd/surefire-test-report-3.0.xsd" version="3.0" name="Mysql.BaseTest" time="2.155" tests="1" errors="0" skipped="0" failures="0">
  <properties>
    <property name="sun.desktop" value="windows"/>
    <property name="awt.toolkit" value="sun.awt.windows.WToolkit"/>
    <property name="file.encoding.pkg" value="sun.io"/>
    <property name="java.specification.version" value="1.8"/>
    <property name="sun.cpu.isalist" value="amd64"/>
    <property name="sun.jnu.encoding" value="GBK"/>
    <property name="java.class.path" value="C:\Users\onnes\Desktop\IDEA\Web\target\test-classes;C:\Users\onnes\Desktop\IDEA\Web\target\classes;D:\Environment\Maven_Repository\javax\servlet\javax.servlet-api\3.1.0\javax.servlet-api-3.1.0.jar;D:\Environment\Maven_Repository\javax\servlet\jsp-api\2.0\jsp-api-2.0.jar;D:\Environment\Maven_Repository\javax\servlet\servlet-api\2.4\servlet-api-2.4.jar;D:\Environment\Maven_Repository\mysql\mysql-connector-java\8.0.30\mysql-connector-java-8.0.30.jar;D:\Environment\Maven_Repository\com\google\protobuf\protobuf-java\3.19.4\protobuf-java-3.19.4.jar;D:\Environment\Maven_Repository\junit\junit\4.10\junit-4.10.jar;D:\Environment\Maven_Repository\org\hamcrest\hamcrest-core\1.1\hamcrest-core-1.1.jar;"/>
    <property name="java.vm.vendor" value="Oracle Corporation"/>
    <property name="sun.arch.data.model" value="64"/>
    <property name="user.variant" value=""/>
    <property name="java.vendor.url" value="http://java.oracle.com/"/>
    <property name="user.timezone" value="Asia/Shanghai"/>
    <property name="java.vm.specification.version" value="1.8"/>
    <property name="os.name" value="Windows 10"/>
    <property name="user.country" value="CN"/>
    <property name="sun.java.launcher" value="SUN_STANDARD"/>
    <property name="sun.boot.library.path" value="D:\Environment\Java\jre\bin"/>
    <property name="sun.java.command" value="C:\Users\onnes\AppData\Local\Temp\surefire572698784415504858\surefirebooter-20231207143900138_3.jar C:\Users\onnes\AppData\Local\Temp\surefire572698784415504858 2023-12-07T14-38-59_137-jvmRun1 surefire-20231207143900138_1tmp surefire_0-20231207143900138_2tmp"/>
    <property name="surefire.test.class.path" value="C:\Users\onnes\Desktop\IDEA\Web\target\test-classes;C:\Users\onnes\Desktop\IDEA\Web\target\classes;D:\Environment\Maven_Repository\javax\servlet\javax.servlet-api\3.1.0\javax.servlet-api-3.1.0.jar;D:\Environment\Maven_Repository\javax\servlet\jsp-api\2.0\jsp-api-2.0.jar;D:\Environment\Maven_Repository\javax\servlet\servlet-api\2.4\servlet-api-2.4.jar;D:\Environment\Maven_Repository\mysql\mysql-connector-java\8.0.30\mysql-connector-java-8.0.30.jar;D:\Environment\Maven_Repository\com\google\protobuf\protobuf-java\3.19.4\protobuf-java-3.19.4.jar;D:\Environment\Maven_Repository\junit\junit\4.10\junit-4.10.jar;D:\Environment\Maven_Repository\org\hamcrest\hamcrest-core\1.1\hamcrest-core-1.1.jar;"/>
    <property name="sun.cpu.endian" value="little"/>
    <property name="user.home" value="C:\Users\onnes"/>
    <property name="user.language" value="zh"/>
    <property name="java.specification.vendor" value="Oracle Corporation"/>
    <property name="java.home" value="D:\Environment\Java\jre"/>
    <property name="basedir" value="C:\Users\onnes\Desktop\IDEA\Web"/>
    <property name="file.separator" value="\"/>
    <property name="line.separator" value="&#10;"/>
    <property name="java.vm.specification.vendor" value="Oracle Corporation"/>
    <property name="java.specification.name" value="Java Platform API Specification"/>
    <property name="java.awt.graphicsenv" value="sun.awt.Win32GraphicsEnvironment"/>
    <property name="surefire.real.class.path" value="C:\Users\onnes\AppData\Local\Temp\surefire572698784415504858\surefirebooter-20231207143900138_3.jar"/>
    <property name="sun.boot.class.path" value="D:\Environment\Java\jre\lib\resources.jar;D:\Environment\Java\jre\lib\rt.jar;D:\Environment\Java\jre\lib\sunrsasign.jar;D:\Environment\Java\jre\lib\jsse.jar;D:\Environment\Java\jre\lib\jce.jar;D:\Environment\Java\jre\lib\charsets.jar;D:\Environment\Java\jre\lib\jfr.jar;D:\Environment\Java\jre\classes"/>
    <property name="user.script" value=""/>
    <property name="sun.management.compiler" value="HotSpot 64-Bit Tiered Compilers"/>
    <property name="java.runtime.version" value="1.8.0_261-b12"/>
    <property name="user.name" value="onnes"/>
    <property name="path.separator" value=";"/>
    <property name="os.version" value="10.0"/>
    <property name="java.endorsed.dirs" value="D:\Environment\Java\jre\lib\endorsed"/>
    <property name="java.runtime.name" value="Java(TM) SE Runtime Environment"/>
    <property name="file.encoding" value="GBK"/>
    <property name="java.vm.name" value="Java HotSpot(TM) 64-Bit Server VM"/>
    <property name="localRepository" value="D:\Environment\Maven_Repository"/>
    <property name="java.vendor.url.bug" value="http://bugreport.sun.com/bugreport/"/>
    <property name="java.io.tmpdir" value="C:\Users\onnes\AppData\Local\Temp\"/>
    <property name="java.version" value="1.8.0_261"/>
    <property name="user.dir" value="C:\Users\onnes\Desktop\IDEA\Web"/>
    <property name="os.arch" value="amd64"/>
    <property name="java.vm.specification.name" value="Java Virtual Machine Specification"/>
    <property name="java.awt.printerjob" value="sun.awt.windows.WPrinterJob"/>
    <property name="sun.os.patch.level" value=""/>
    <property name="java.library.path" value="D:\Environment\Java\jre\bin;C:\Windows\Sun\Java\bin;C:\Windows\system32;C:\Windows;C:\Windows\system32;C:\Windows;C:\Windows\System32\Wbem;C:\Windows\System32\WindowsPowerShell\v1.0\;C:\Windows\System32\OpenSSH\;D:\ToolSoftware\AOMEI\AOMEI Backupper\6.9.5;C:\Program Files\usbipd-win\;D:\Environment\Sbt\bin;D:\Environment\Scala\bin;C:\Software\RationalRose\common;C:\Users\onnes\.cargo\bin;D:\Environment\Mingw64\bin;D:\Environment\LLVM\bin;D:\Environment\Cmake\bin;D:\Environment\Java\bin;D:\Environment\Java\jre;D:\Environment\Maven\bin;D:\Environment\Kotlin\bin;D:\Environment\Mysql\bin;D:\Environment\Python;D:\Environment\Python\Scripts;D:\Environment\Anaconda\Scripts;C:\Program Files\dotnet\;D:\Environment\Go\bin;C:\Users\onnes\.cargo\bin;D:\CodeSoftware\Git\cmd;D:\CodeSoftware\Mathematica;D:\CodeSoftware\Matlab\bin;D:\CodeSoftware\Matlab\runtime\win64;D:\Environment\Tex\2023\bin\windows;C:\Users\onnes\AppData\Local\Programs\oh-my-posh\bin;C:\Users\onnes\.dotnet\tools;C:\Users\onnes\AppData\Local\Microsoft\WindowsApps;D:\CodeSoftware\VS2022\Community\VC\Tools\MSVC\14.36.32532\bin\Hostx64\x64;D:\CodeSoftware\VS2022\Community\MSBuild\Current\Bin\amd64;D:\Environment\Sbt\bin;D:\Environment\Iverilog\bin;D:\Environment\Iverilog\gtkwave\bin;C:\Software\SDCC\bin;D:\Environment\Riscv-GCC\bin;D:\Environment\Nodejs;;."/>
    <property name="java.vm.info" value="mixed mode"/>
    <property name="java.vendor" value="Oracle Corporation"/>
    <property name="java.vm.version" value="25.261-b12"/>
    <property name="java.ext.dirs" value="D:\Environment\Java\jre\lib\ext;C:\Windows\Sun\Java\lib\ext"/>
    <property name="sun.io.unicode.encoding" value="UnicodeLittle"/>
    <property name="java.class.version" value="52.0"/>
  </properties>
  <testcase name="test_connect" classname="Mysql.BaseTest" time="2.115"/>
</testsuite>